{"C:\\Users\\Antoni Łubisz\\Desktop\\#\\portfolio_projects\\expensify\\src\\app.js": {"path":"C:\\Users\\Antoni Łubisz\\Desktop\\#\\portfolio_projects\\expensify\\src\\app.js","statementMap":{"0":{"start":{"line":9,"column":14},"end":{"line":9,"column":30}},"1":{"start":{"line":12,"column":2},"end":{"line":16,"column":21}},"2":{"start":{"line":19,"column":20},"end":{"line":19,"column":51}},"3":{"start":{"line":20,"column":13},"end":{"line":20,"column":45}},"4":{"start":{"line":21,"column":0},"end":{"line":21,"column":17}}},"fnMap":{},"branchMap":{},"s":{"0":0,"1":0,"2":0,"3":0,"4":0},"f":{},"b":{}}
,"C:\\Users\\Antoni Łubisz\\Desktop\\#\\portfolio_projects\\expensify\\src\\actions\\expenses.js": {"path":"C:\\Users\\Antoni Łubisz\\Desktop\\#\\portfolio_projects\\expensify\\src\\actions\\expenses.js","statementMap":{"0":{"start":{"line":4,"column":26},"end":{"line":18,"column":2}},"1":{"start":{"line":9,"column":7},"end":{"line":18,"column":1}},"2":{"start":{"line":21,"column":29},"end":{"line":24,"column":2}},"3":{"start":{"line":21,"column":47},"end":{"line":24,"column":1}},"4":{"start":{"line":27,"column":27},"end":{"line":31,"column":2}},"5":{"start":{"line":27,"column":45},"end":{"line":31,"column":1}}},"fnMap":{"0":{"name":"(anonymous_0)","decl":{"start":{"line":4,"column":26},"end":{"line":4,"column":27}},"loc":{"start":{"line":9,"column":7},"end":{"line":18,"column":1}},"line":9},"1":{"name":"(anonymous_1)","decl":{"start":{"line":21,"column":29},"end":{"line":21,"column":30}},"loc":{"start":{"line":21,"column":47},"end":{"line":24,"column":1}},"line":21},"2":{"name":"(anonymous_2)","decl":{"start":{"line":27,"column":27},"end":{"line":27,"column":28}},"loc":{"start":{"line":27,"column":45},"end":{"line":31,"column":1}},"line":27}},"branchMap":{"0":{"loc":{"start":{"line":5,"column":2},"end":{"line":5,"column":18}},"type":"default-arg","locations":[{"start":{"line":5,"column":16},"end":{"line":5,"column":18}}],"line":5},"1":{"loc":{"start":{"line":6,"column":2},"end":{"line":6,"column":11}},"type":"default-arg","locations":[{"start":{"line":6,"column":9},"end":{"line":6,"column":11}}],"line":6},"2":{"loc":{"start":{"line":7,"column":2},"end":{"line":7,"column":12}},"type":"default-arg","locations":[{"start":{"line":7,"column":11},"end":{"line":7,"column":12}}],"line":7},"3":{"loc":{"start":{"line":8,"column":2},"end":{"line":8,"column":15}},"type":"default-arg","locations":[{"start":{"line":8,"column":14},"end":{"line":8,"column":15}}],"line":8},"4":{"loc":{"start":{"line":21,"column":30},"end":{"line":21,"column":41}},"type":"default-arg","locations":[{"start":{"line":21,"column":39},"end":{"line":21,"column":41}}],"line":21}},"s":{"0":0,"1":0,"2":0,"3":0,"4":0,"5":0},"f":{"0":0,"1":0,"2":0},"b":{"0":[0],"1":[0],"2":[0],"3":[0],"4":[0]}}
,"C:\\Users\\Antoni Łubisz\\Desktop\\#\\portfolio_projects\\expensify\\src\\actions\\filters.js": {"path":"C:\\Users\\Antoni Łubisz\\Desktop\\#\\portfolio_projects\\expensify\\src\\actions\\filters.js","statementMap":{"0":{"start":{"line":2,"column":29},"end":{"line":5,"column":2}},"1":{"start":{"line":2,"column":45},"end":{"line":5,"column":1}},"2":{"start":{"line":8,"column":26},"end":{"line":10,"column":2}},"3":{"start":{"line":8,"column":33},"end":{"line":10,"column":1}},"4":{"start":{"line":13,"column":28},"end":{"line":15,"column":2}},"5":{"start":{"line":13,"column":35},"end":{"line":15,"column":1}},"6":{"start":{"line":18,"column":28},"end":{"line":21,"column":2}},"7":{"start":{"line":18,"column":44},"end":{"line":21,"column":1}},"8":{"start":{"line":24,"column":26},"end":{"line":27,"column":2}},"9":{"start":{"line":24,"column":40},"end":{"line":27,"column":1}}},"fnMap":{"0":{"name":"(anonymous_0)","decl":{"start":{"line":2,"column":29},"end":{"line":2,"column":30}},"loc":{"start":{"line":2,"column":45},"end":{"line":5,"column":1}},"line":2},"1":{"name":"(anonymous_1)","decl":{"start":{"line":8,"column":26},"end":{"line":8,"column":27}},"loc":{"start":{"line":8,"column":33},"end":{"line":10,"column":1}},"line":8},"2":{"name":"(anonymous_2)","decl":{"start":{"line":13,"column":28},"end":{"line":13,"column":29}},"loc":{"start":{"line":13,"column":35},"end":{"line":15,"column":1}},"line":13},"3":{"name":"(anonymous_3)","decl":{"start":{"line":18,"column":28},"end":{"line":18,"column":29}},"loc":{"start":{"line":18,"column":44},"end":{"line":21,"column":1}},"line":18},"4":{"name":"(anonymous_4)","decl":{"start":{"line":24,"column":26},"end":{"line":24,"column":27}},"loc":{"start":{"line":24,"column":40},"end":{"line":27,"column":1}},"line":24}},"branchMap":{"0":{"loc":{"start":{"line":2,"column":30},"end":{"line":2,"column":39}},"type":"default-arg","locations":[{"start":{"line":2,"column":37},"end":{"line":2,"column":39}}],"line":2}},"s":{"0":0,"1":0,"2":0,"3":0,"4":0,"5":0,"6":0,"7":0,"8":0,"9":0},"f":{"0":0,"1":0,"2":0,"3":0,"4":0},"b":{"0":[0]}}
,"C:\\Users\\Antoni Łubisz\\Desktop\\#\\portfolio_projects\\expensify\\src\\components\\AddExpensePage.js": {"path":"C:\\Users\\Antoni Łubisz\\Desktop\\#\\portfolio_projects\\expensify\\src\\components\\AddExpensePage.js","statementMap":{"0":{"start":{"line":7,"column":23},"end":{"line":20,"column":1}},"1":{"start":{"line":8,"column":19},"end":{"line":8,"column":32}},"2":{"start":{"line":9,"column":2},"end":{"line":19,"column":4}},"3":{"start":{"line":14,"column":10},"end":{"line":14,"column":53}},"4":{"start":{"line":15,"column":10},"end":{"line":15,"column":24}}},"fnMap":{"0":{"name":"(anonymous_0)","decl":{"start":{"line":7,"column":23},"end":{"line":7,"column":24}},"loc":{"start":{"line":7,"column":34},"end":{"line":20,"column":1}},"line":7},"1":{"name":"(anonymous_1)","decl":{"start":{"line":13,"column":18},"end":{"line":13,"column":19}},"loc":{"start":{"line":13,"column":31},"end":{"line":16,"column":9}},"line":13}},"branchMap":{},"s":{"0":0,"1":0,"2":0,"3":0,"4":0},"f":{"0":0,"1":0},"b":{}}
,"C:\\Users\\Antoni Łubisz\\Desktop\\#\\portfolio_projects\\expensify\\src\\components\\EditExpensePage.js": {"path":"C:\\Users\\Antoni Łubisz\\Desktop\\#\\portfolio_projects\\expensify\\src\\components\\EditExpensePage.js","statementMap":{"0":{"start":{"line":8,"column":24},"end":{"line":24,"column":1}},"1":{"start":{"line":9,"column":19},"end":{"line":9,"column":32}},"2":{"start":{"line":10,"column":12},"end":{"line":10,"column":26}},"3":{"start":{"line":11,"column":2},"end":{"line":23,"column":4}},"4":{"start":{"line":16,"column":10},"end":{"line":16,"column":42}},"5":{"start":{"line":17,"column":10},"end":{"line":17,"column":25}},"6":{"start":{"line":18,"column":10},"end":{"line":18,"column":50}},"7":{"start":{"line":19,"column":10},"end":{"line":19,"column":24}},"8":{"start":{"line":26,"column":24},"end":{"line":33,"column":1}},"9":{"start":{"line":27,"column":17},"end":{"line":27,"column":63}},"10":{"start":{"line":28,"column":2},"end":{"line":32,"column":4}},"11":{"start":{"line":30,"column":6},"end":{"line":30,"column":37}}},"fnMap":{"0":{"name":"(anonymous_0)","decl":{"start":{"line":8,"column":24},"end":{"line":8,"column":25}},"loc":{"start":{"line":8,"column":35},"end":{"line":24,"column":1}},"line":8},"1":{"name":"(anonymous_1)","decl":{"start":{"line":15,"column":18},"end":{"line":15,"column":19}},"loc":{"start":{"line":15,"column":31},"end":{"line":20,"column":9}},"line":15},"2":{"name":"(anonymous_2)","decl":{"start":{"line":26,"column":24},"end":{"line":26,"column":25}},"loc":{"start":{"line":26,"column":35},"end":{"line":33,"column":1}},"line":26},"3":{"name":"(anonymous_3)","decl":{"start":{"line":29,"column":33},"end":{"line":29,"column":34}},"loc":{"start":{"line":29,"column":46},"end":{"line":31,"column":5}},"line":29}},"branchMap":{},"s":{"0":0,"1":0,"2":0,"3":0,"4":0,"5":0,"6":0,"7":0,"8":0,"9":0,"10":0,"11":0},"f":{"0":0,"1":0,"2":0,"3":0},"b":{}}
,"C:\\Users\\Antoni Łubisz\\Desktop\\#\\portfolio_projects\\expensify\\src\\components\\ExpenseDashboardPage.js": {"path":"C:\\Users\\Antoni Łubisz\\Desktop\\#\\portfolio_projects\\expensify\\src\\components\\ExpenseDashboardPage.js","statementMap":{"0":{"start":{"line":5,"column":29},"end":{"line":10,"column":1}},"1":{"start":{"line":6,"column":2},"end":{"line":9,"column":8}}},"fnMap":{"0":{"name":"(anonymous_0)","decl":{"start":{"line":5,"column":29},"end":{"line":5,"column":30}},"loc":{"start":{"line":6,"column":2},"end":{"line":9,"column":8}},"line":6}},"branchMap":{},"s":{"0":0,"1":0},"f":{"0":0},"b":{}}
,"C:\\Users\\Antoni Łubisz\\Desktop\\#\\portfolio_projects\\expensify\\src\\components\\ExpenseForm.js": {"path":"C:\\Users\\Antoni Łubisz\\Desktop\\#\\portfolio_projects\\expensify\\src\\components\\ExpenseForm.js","statementMap":{"0":{"start":{"line":7,"column":4},"end":{"line":7,"column":17}},"1":{"start":{"line":8,"column":4},"end":{"line":15,"column":6}},"2":{"start":{"line":18,"column":24},"end":{"line":21,"column":3}},"3":{"start":{"line":19,"column":24},"end":{"line":19,"column":38}},"4":{"start":{"line":20,"column":4},"end":{"line":20,"column":43}},"5":{"start":{"line":20,"column":25},"end":{"line":20,"column":40}},"6":{"start":{"line":23,"column":17},"end":{"line":26,"column":3}},"7":{"start":{"line":24,"column":17},"end":{"line":24,"column":31}},"8":{"start":{"line":25,"column":4},"end":{"line":25,"column":36}},"9":{"start":{"line":25,"column":25},"end":{"line":25,"column":33}},"10":{"start":{"line":28,"column":19},"end":{"line":33,"column":3}},"11":{"start":{"line":29,"column":19},"end":{"line":29,"column":33}},"12":{"start":{"line":30,"column":4},"end":{"line":32,"column":5}},"13":{"start":{"line":31,"column":6},"end":{"line":31,"column":40}},"14":{"start":{"line":31,"column":27},"end":{"line":31,"column":37}},"15":{"start":{"line":35,"column":17},"end":{"line":40,"column":3}},"16":{"start":{"line":36,"column":4},"end":{"line":39,"column":5}},"17":{"start":{"line":37,"column":6},"end":{"line":37,"column":43}},"18":{"start":{"line":37,"column":27},"end":{"line":37,"column":40}},"19":{"start":{"line":38,"column":6},"end":{"line":38,"column":29}},"20":{"start":{"line":42,"column":28},"end":{"line":44,"column":3}},"21":{"start":{"line":43,"column":4},"end":{"line":43,"column":56}},"22":{"start":{"line":43,"column":25},"end":{"line":43,"column":53}},"23":{"start":{"line":46,"column":13},"end":{"line":62,"column":3}},"24":{"start":{"line":47,"column":4},"end":{"line":47,"column":23}},"25":{"start":{"line":48,"column":4},"end":{"line":61,"column":5}},"26":{"start":{"line":49,"column":20},"end":{"line":49,"column":60}},"27":{"start":{"line":50,"column":6},"end":{"line":50,"column":39}},"28":{"start":{"line":50,"column":27},"end":{"line":50,"column":36}},"29":{"start":{"line":52,"column":20},"end":{"line":52,"column":22}},"30":{"start":{"line":53,"column":6},"end":{"line":53,"column":39}},"31":{"start":{"line":53,"column":27},"end":{"line":53,"column":36}},"32":{"start":{"line":54,"column":6},"end":{"line":54,"column":32}},"33":{"start":{"line":55,"column":6},"end":{"line":60,"column":9}},"34":{"start":{"line":65,"column":4},"end":{"line":107,"column":6}}},"fnMap":{"0":{"name":"(anonymous_0)","decl":{"start":{"line":6,"column":2},"end":{"line":6,"column":3}},"loc":{"start":{"line":6,"column":21},"end":{"line":16,"column":3}},"line":6},"1":{"name":"(anonymous_1)","decl":{"start":{"line":18,"column":24},"end":{"line":18,"column":25}},"loc":{"start":{"line":18,"column":31},"end":{"line":21,"column":3}},"line":18},"2":{"name":"(anonymous_2)","decl":{"start":{"line":20,"column":18},"end":{"line":20,"column":19}},"loc":{"start":{"line":20,"column":25},"end":{"line":20,"column":40}},"line":20},"3":{"name":"(anonymous_3)","decl":{"start":{"line":23,"column":17},"end":{"line":23,"column":18}},"loc":{"start":{"line":23,"column":24},"end":{"line":26,"column":3}},"line":23},"4":{"name":"(anonymous_4)","decl":{"start":{"line":25,"column":18},"end":{"line":25,"column":19}},"loc":{"start":{"line":25,"column":25},"end":{"line":25,"column":33}},"line":25},"5":{"name":"(anonymous_5)","decl":{"start":{"line":28,"column":19},"end":{"line":28,"column":20}},"loc":{"start":{"line":28,"column":26},"end":{"line":33,"column":3}},"line":28},"6":{"name":"(anonymous_6)","decl":{"start":{"line":31,"column":20},"end":{"line":31,"column":21}},"loc":{"start":{"line":31,"column":27},"end":{"line":31,"column":37}},"line":31},"7":{"name":"(anonymous_7)","decl":{"start":{"line":35,"column":17},"end":{"line":35,"column":18}},"loc":{"start":{"line":35,"column":32},"end":{"line":40,"column":3}},"line":35},"8":{"name":"(anonymous_8)","decl":{"start":{"line":37,"column":20},"end":{"line":37,"column":21}},"loc":{"start":{"line":37,"column":27},"end":{"line":37,"column":40}},"line":37},"9":{"name":"(anonymous_9)","decl":{"start":{"line":42,"column":28},"end":{"line":42,"column":29}},"loc":{"start":{"line":42,"column":45},"end":{"line":44,"column":3}},"line":42},"10":{"name":"(anonymous_10)","decl":{"start":{"line":43,"column":18},"end":{"line":43,"column":19}},"loc":{"start":{"line":43,"column":25},"end":{"line":43,"column":53}},"line":43},"11":{"name":"(anonymous_11)","decl":{"start":{"line":46,"column":13},"end":{"line":46,"column":14}},"loc":{"start":{"line":46,"column":20},"end":{"line":62,"column":3}},"line":46},"12":{"name":"(anonymous_12)","decl":{"start":{"line":50,"column":20},"end":{"line":50,"column":21}},"loc":{"start":{"line":50,"column":27},"end":{"line":50,"column":36}},"line":50},"13":{"name":"(anonymous_13)","decl":{"start":{"line":53,"column":20},"end":{"line":53,"column":21}},"loc":{"start":{"line":53,"column":27},"end":{"line":53,"column":36}},"line":53},"14":{"name":"(anonymous_14)","decl":{"start":{"line":64,"column":2},"end":{"line":64,"column":3}},"loc":{"start":{"line":64,"column":11},"end":{"line":108,"column":3}},"line":64}},"branchMap":{"0":{"loc":{"start":{"line":9,"column":19},"end":{"line":9,"column":65}},"type":"cond-expr","locations":[{"start":{"line":9,"column":35},"end":{"line":9,"column":60}},{"start":{"line":9,"column":63},"end":{"line":9,"column":65}}],"line":9},"1":{"loc":{"start":{"line":10,"column":12},"end":{"line":10,"column":51}},"type":"cond-expr","locations":[{"start":{"line":10,"column":28},"end":{"line":10,"column":46}},{"start":{"line":10,"column":49},"end":{"line":10,"column":51}}],"line":10},"2":{"loc":{"start":{"line":11,"column":14},"end":{"line":11,"column":74}},"type":"cond-expr","locations":[{"start":{"line":11,"column":30},"end":{"line":11,"column":69}},{"start":{"line":11,"column":72},"end":{"line":11,"column":74}}],"line":11},"3":{"loc":{"start":{"line":12,"column":17},"end":{"line":12,"column":75}},"type":"cond-expr","locations":[{"start":{"line":12,"column":33},"end":{"line":12,"column":64}},{"start":{"line":12,"column":67},"end":{"line":12,"column":75}}],"line":12},"4":{"loc":{"start":{"line":30,"column":4},"end":{"line":32,"column":5}},"type":"if","locations":[{"start":{"line":30,"column":4},"end":{"line":32,"column":5}},{"start":{},"end":{}}],"line":30},"5":{"loc":{"start":{"line":30,"column":8},"end":{"line":30,"column":55}},"type":"binary-expr","locations":[{"start":{"line":30,"column":8},"end":{"line":30,"column":15}},{"start":{"line":30,"column":19},"end":{"line":30,"column":55}}],"line":30},"6":{"loc":{"start":{"line":36,"column":4},"end":{"line":39,"column":5}},"type":"if","locations":[{"start":{"line":36,"column":4},"end":{"line":39,"column":5}},{"start":{},"end":{}}],"line":36},"7":{"loc":{"start":{"line":48,"column":4},"end":{"line":61,"column":5}},"type":"if","locations":[{"start":{"line":48,"column":4},"end":{"line":61,"column":5}},{"start":{"line":51,"column":11},"end":{"line":61,"column":5}}],"line":48},"8":{"loc":{"start":{"line":48,"column":8},"end":{"line":48,"column":53}},"type":"binary-expr","locations":[{"start":{"line":48,"column":8},"end":{"line":48,"column":31}},{"start":{"line":48,"column":35},"end":{"line":48,"column":53}}],"line":48},"9":{"loc":{"start":{"line":67,"column":9},"end":{"line":67,"column":54}},"type":"binary-expr","locations":[{"start":{"line":67,"column":9},"end":{"line":67,"column":25}},{"start":{"line":67,"column":29},"end":{"line":67,"column":54}}],"line":67}},"s":{"0":0,"1":0,"2":0,"3":0,"4":0,"5":0,"6":0,"7":0,"8":0,"9":0,"10":0,"11":0,"12":0,"13":0,"14":0,"15":0,"16":0,"17":0,"18":0,"19":0,"20":0,"21":0,"22":0,"23":0,"24":0,"25":0,"26":0,"27":0,"28":0,"29":0,"30":0,"31":0,"32":0,"33":0,"34":0},"f":{"0":0,"1":0,"2":0,"3":0,"4":0,"5":0,"6":0,"7":0,"8":0,"9":0,"10":0,"11":0,"12":0,"13":0,"14":0},"b":{"0":[0,0],"1":[0,0],"2":[0,0],"3":[0,0],"4":[0,0],"5":[0,0],"6":[0,0],"7":[0,0],"8":[0,0],"9":[0,0]}}
,"C:\\Users\\Antoni Łubisz\\Desktop\\#\\portfolio_projects\\expensify\\src\\components\\ExpenseList.js": {"path":"C:\\Users\\Antoni Łubisz\\Desktop\\#\\portfolio_projects\\expensify\\src\\components\\ExpenseList.js","statementMap":{"0":{"start":{"line":6,"column":20},"end":{"line":16,"column":1}},"1":{"start":{"line":7,"column":2},"end":{"line":15,"column":8}},"2":{"start":{"line":12,"column":8},"end":{"line":12,"column":57}},"3":{"start":{"line":18,"column":24},"end":{"line":22,"column":1}},"4":{"start":{"line":19,"column":2},"end":{"line":21,"column":4}}},"fnMap":{"0":{"name":"(anonymous_0)","decl":{"start":{"line":6,"column":20},"end":{"line":6,"column":21}},"loc":{"start":{"line":7,"column":2},"end":{"line":15,"column":8}},"line":7},"1":{"name":"(anonymous_1)","decl":{"start":{"line":11,"column":25},"end":{"line":11,"column":26}},"loc":{"start":{"line":12,"column":8},"end":{"line":12,"column":57}},"line":12},"2":{"name":"(anonymous_2)","decl":{"start":{"line":18,"column":24},"end":{"line":18,"column":25}},"loc":{"start":{"line":18,"column":35},"end":{"line":22,"column":1}},"line":18}},"branchMap":{"0":{"loc":{"start":{"line":8,"column":5},"end":{"line":14,"column":5}},"type":"cond-expr","locations":[{"start":{"line":9,"column":6},"end":{"line":9,"column":26}},{"start":{"line":11,"column":6},"end":{"line":13,"column":8}}],"line":8}},"s":{"0":0,"1":0,"2":0,"3":0,"4":0},"f":{"0":0,"1":0,"2":0},"b":{"0":[0,0]}}
,"C:\\Users\\Antoni Łubisz\\Desktop\\#\\portfolio_projects\\expensify\\src\\components\\ExpenseListFilters.js": {"path":"C:\\Users\\Antoni Łubisz\\Desktop\\#\\portfolio_projects\\expensify\\src\\components\\ExpenseListFilters.js","statementMap":{"0":{"start":{"line":14,"column":10},"end":{"line":16,"column":3}},"1":{"start":{"line":18,"column":18},"end":{"line":22,"column":3}},"2":{"start":{"line":19,"column":4},"end":{"line":19,"column":19}},"3":{"start":{"line":20,"column":4},"end":{"line":20,"column":54}},"4":{"start":{"line":21,"column":4},"end":{"line":21,"column":50}},"5":{"start":{"line":24,"column":18},"end":{"line":26,"column":3}},"6":{"start":{"line":25,"column":4},"end":{"line":25,"column":47}},"7":{"start":{"line":25,"column":25},"end":{"line":25,"column":44}},"8":{"start":{"line":29,"column":4},"end":{"line":70,"column":6}},"9":{"start":{"line":35,"column":12},"end":{"line":35,"column":40}},"10":{"start":{"line":36,"column":12},"end":{"line":36,"column":63}},"11":{"start":{"line":42,"column":12},"end":{"line":46,"column":13}},"12":{"start":{"line":43,"column":14},"end":{"line":43,"column":48}},"13":{"start":{"line":44,"column":19},"end":{"line":46,"column":13}},"14":{"start":{"line":45,"column":14},"end":{"line":45,"column":50}},"15":{"start":{"line":74,"column":24},"end":{"line":78,"column":1}},"16":{"start":{"line":75,"column":2},"end":{"line":77,"column":4}}},"fnMap":{"0":{"name":"(anonymous_0)","decl":{"start":{"line":18,"column":18},"end":{"line":18,"column":19}},"loc":{"start":{"line":18,"column":25},"end":{"line":22,"column":3}},"line":18},"1":{"name":"(anonymous_1)","decl":{"start":{"line":24,"column":18},"end":{"line":24,"column":19}},"loc":{"start":{"line":24,"column":39},"end":{"line":26,"column":3}},"line":24},"2":{"name":"(anonymous_2)","decl":{"start":{"line":25,"column":18},"end":{"line":25,"column":19}},"loc":{"start":{"line":25,"column":25},"end":{"line":25,"column":44}},"line":25},"3":{"name":"(anonymous_3)","decl":{"start":{"line":28,"column":2},"end":{"line":28,"column":3}},"loc":{"start":{"line":28,"column":11},"end":{"line":71,"column":3}},"line":28},"4":{"name":"(anonymous_4)","decl":{"start":{"line":34,"column":20},"end":{"line":34,"column":21}},"loc":{"start":{"line":34,"column":27},"end":{"line":37,"column":11}},"line":34},"5":{"name":"(anonymous_5)","decl":{"start":{"line":41,"column":20},"end":{"line":41,"column":21}},"loc":{"start":{"line":41,"column":27},"end":{"line":47,"column":11}},"line":41},"6":{"name":"(anonymous_6)","decl":{"start":{"line":74,"column":24},"end":{"line":74,"column":25}},"loc":{"start":{"line":74,"column":35},"end":{"line":78,"column":1}},"line":74}},"branchMap":{"0":{"loc":{"start":{"line":42,"column":12},"end":{"line":46,"column":13}},"type":"if","locations":[{"start":{"line":42,"column":12},"end":{"line":46,"column":13}},{"start":{"line":44,"column":19},"end":{"line":46,"column":13}}],"line":42},"1":{"loc":{"start":{"line":44,"column":19},"end":{"line":46,"column":13}},"type":"if","locations":[{"start":{"line":44,"column":19},"end":{"line":46,"column":13}},{"start":{},"end":{}}],"line":44}},"s":{"0":0,"1":0,"2":0,"3":0,"4":0,"5":0,"6":0,"7":0,"8":0,"9":0,"10":0,"11":0,"12":0,"13":0,"14":0,"15":0,"16":0},"f":{"0":0,"1":0,"2":0,"3":0,"4":0,"5":0,"6":0},"b":{"0":[0,0],"1":[0,0]}}
,"C:\\Users\\Antoni Łubisz\\Desktop\\#\\portfolio_projects\\expensify\\src\\components\\ExpenseListItem.js": {"path":"C:\\Users\\Antoni Łubisz\\Desktop\\#\\portfolio_projects\\expensify\\src\\components\\ExpenseListItem.js","statementMap":{"0":{"start":{"line":6,"column":24},"end":{"line":21,"column":1}},"1":{"start":{"line":7,"column":2},"end":{"line":20,"column":8}},"2":{"start":{"line":16,"column":8},"end":{"line":16,"column":40}}},"fnMap":{"0":{"name":"(anonymous_0)","decl":{"start":{"line":6,"column":24},"end":{"line":6,"column":25}},"loc":{"start":{"line":7,"column":2},"end":{"line":20,"column":8}},"line":7},"1":{"name":"(anonymous_1)","decl":{"start":{"line":15,"column":15},"end":{"line":15,"column":16}},"loc":{"start":{"line":15,"column":22},"end":{"line":17,"column":7}},"line":15}},"branchMap":{},"s":{"0":0,"1":0,"2":0},"f":{"0":0,"1":0},"b":{}}
,"C:\\Users\\Antoni Łubisz\\Desktop\\#\\portfolio_projects\\expensify\\src\\components\\Header.js": {"path":"C:\\Users\\Antoni Łubisz\\Desktop\\#\\portfolio_projects\\expensify\\src\\components\\Header.js","statementMap":{"0":{"start":{"line":4,"column":15},"end":{"line":18,"column":1}},"1":{"start":{"line":5,"column":2},"end":{"line":17,"column":11}},"2":{"start":{"line":9,"column":36},"end":{"line":9,"column":70}},"3":{"start":{"line":14,"column":36},"end":{"line":14,"column":70}}},"fnMap":{"0":{"name":"(anonymous_0)","decl":{"start":{"line":4,"column":15},"end":{"line":4,"column":16}},"loc":{"start":{"line":5,"column":2},"end":{"line":17,"column":11}},"line":5},"1":{"name":"(anonymous_1)","decl":{"start":{"line":9,"column":17},"end":{"line":9,"column":18}},"loc":{"start":{"line":9,"column":36},"end":{"line":9,"column":70}},"line":9},"2":{"name":"(anonymous_2)","decl":{"start":{"line":14,"column":17},"end":{"line":14,"column":18}},"loc":{"start":{"line":14,"column":36},"end":{"line":14,"column":70}},"line":14}},"branchMap":{"0":{"loc":{"start":{"line":9,"column":36},"end":{"line":9,"column":70}},"type":"cond-expr","locations":[{"start":{"line":9,"column":47},"end":{"line":9,"column":58}},{"start":{"line":9,"column":61},"end":{"line":9,"column":70}}],"line":9},"1":{"loc":{"start":{"line":14,"column":36},"end":{"line":14,"column":70}},"type":"cond-expr","locations":[{"start":{"line":14,"column":47},"end":{"line":14,"column":58}},{"start":{"line":14,"column":61},"end":{"line":14,"column":70}}],"line":14}},"s":{"0":0,"1":0,"2":0,"3":0},"f":{"0":0,"1":0,"2":0},"b":{"0":[0,0],"1":[0,0]}}
,"C:\\Users\\Antoni Łubisz\\Desktop\\#\\portfolio_projects\\expensify\\src\\components\\HelpPage.js": {"path":"C:\\Users\\Antoni Łubisz\\Desktop\\#\\portfolio_projects\\expensify\\src\\components\\HelpPage.js","statementMap":{},"fnMap":{},"branchMap":{},"s":{},"f":{},"b":{}}
,"C:\\Users\\Antoni Łubisz\\Desktop\\#\\portfolio_projects\\expensify\\src\\components\\NotFoundPage.js": {"path":"C:\\Users\\Antoni Łubisz\\Desktop\\#\\portfolio_projects\\expensify\\src\\components\\NotFoundPage.js","statementMap":{"0":{"start":{"line":3,"column":21},"end":{"line":3,"column":51}},"1":{"start":{"line":3,"column":27},"end":{"line":3,"column":51}}},"fnMap":{"0":{"name":"(anonymous_0)","decl":{"start":{"line":3,"column":21},"end":{"line":3,"column":22}},"loc":{"start":{"line":3,"column":27},"end":{"line":3,"column":51}},"line":3}},"branchMap":{},"s":{"0":0,"1":0},"f":{"0":0},"b":{}}
,"C:\\Users\\Antoni Łubisz\\Desktop\\#\\portfolio_projects\\expensify\\src\\reducers\\expenses.js": {"path":"C:\\Users\\Antoni Łubisz\\Desktop\\#\\portfolio_projects\\expensify\\src\\reducers\\expenses.js","statementMap":{"0":{"start":{"line":1,"column":35},"end":{"line":1,"column":37}},"1":{"start":{"line":3,"column":23},"end":{"line":23,"column":1}},"2":{"start":{"line":4,"column":2},"end":{"line":22,"column":3}},"3":{"start":{"line":6,"column":6},"end":{"line":6,"column":40}},"4":{"start":{"line":8,"column":6},"end":{"line":8,"column":55}},"5":{"start":{"line":8,"column":38},"end":{"line":8,"column":53}},"6":{"start":{"line":10,"column":6},"end":{"line":19,"column":9}},"7":{"start":{"line":11,"column":8},"end":{"line":18,"column":9}},"8":{"start":{"line":12,"column":10},"end":{"line":15,"column":12}},"9":{"start":{"line":17,"column":10},"end":{"line":17,"column":25}},"10":{"start":{"line":21,"column":6},"end":{"line":21,"column":19}}},"fnMap":{"0":{"name":"(anonymous_0)","decl":{"start":{"line":3,"column":23},"end":{"line":3,"column":24}},"loc":{"start":{"line":3,"column":71},"end":{"line":23,"column":1}},"line":3},"1":{"name":"(anonymous_1)","decl":{"start":{"line":8,"column":26},"end":{"line":8,"column":27}},"loc":{"start":{"line":8,"column":38},"end":{"line":8,"column":53}},"line":8},"2":{"name":"(anonymous_2)","decl":{"start":{"line":10,"column":23},"end":{"line":10,"column":24}},"loc":{"start":{"line":10,"column":36},"end":{"line":19,"column":7}},"line":10}},"branchMap":{"0":{"loc":{"start":{"line":3,"column":24},"end":{"line":3,"column":58}},"type":"default-arg","locations":[{"start":{"line":3,"column":32},"end":{"line":3,"column":58}}],"line":3},"1":{"loc":{"start":{"line":4,"column":2},"end":{"line":22,"column":3}},"type":"switch","locations":[{"start":{"line":5,"column":4},"end":{"line":6,"column":40}},{"start":{"line":7,"column":4},"end":{"line":8,"column":55}},{"start":{"line":9,"column":4},"end":{"line":19,"column":9}},{"start":{"line":20,"column":4},"end":{"line":21,"column":19}}],"line":4},"2":{"loc":{"start":{"line":11,"column":8},"end":{"line":18,"column":9}},"type":"if","locations":[{"start":{"line":11,"column":8},"end":{"line":18,"column":9}},{"start":{"line":16,"column":15},"end":{"line":18,"column":9}}],"line":11}},"s":{"0":0,"1":0,"2":0,"3":0,"4":0,"5":0,"6":0,"7":0,"8":0,"9":0,"10":0},"f":{"0":0,"1":0,"2":0},"b":{"0":[0],"1":[0,0,0,0],"2":[0,0]}}
,"C:\\Users\\Antoni Łubisz\\Desktop\\#\\portfolio_projects\\expensify\\src\\reducers\\filters.js": {"path":"C:\\Users\\Antoni Łubisz\\Desktop\\#\\portfolio_projects\\expensify\\src\\reducers\\filters.js","statementMap":{"0":{"start":{"line":4,"column":35},"end":{"line":9,"column":1}},"1":{"start":{"line":11,"column":23},"end":{"line":26,"column":1}},"2":{"start":{"line":12,"column":2},"end":{"line":25,"column":3}},"3":{"start":{"line":14,"column":6},"end":{"line":14,"column":45}},"4":{"start":{"line":16,"column":6},"end":{"line":16,"column":42}},"5":{"start":{"line":18,"column":6},"end":{"line":18,"column":44}},"6":{"start":{"line":20,"column":6},"end":{"line":20,"column":55}},"7":{"start":{"line":22,"column":6},"end":{"line":22,"column":51}},"8":{"start":{"line":24,"column":6},"end":{"line":24,"column":19}}},"fnMap":{"0":{"name":"(anonymous_0)","decl":{"start":{"line":11,"column":23},"end":{"line":11,"column":24}},"loc":{"start":{"line":11,"column":71},"end":{"line":26,"column":1}},"line":11}},"branchMap":{"0":{"loc":{"start":{"line":11,"column":24},"end":{"line":11,"column":58}},"type":"default-arg","locations":[{"start":{"line":11,"column":32},"end":{"line":11,"column":58}}],"line":11},"1":{"loc":{"start":{"line":12,"column":2},"end":{"line":25,"column":3}},"type":"switch","locations":[{"start":{"line":13,"column":4},"end":{"line":14,"column":45}},{"start":{"line":15,"column":4},"end":{"line":16,"column":42}},{"start":{"line":17,"column":4},"end":{"line":18,"column":44}},{"start":{"line":19,"column":4},"end":{"line":20,"column":55}},{"start":{"line":21,"column":4},"end":{"line":22,"column":51}},{"start":{"line":23,"column":4},"end":{"line":24,"column":19}}],"line":12}},"s":{"0":0,"1":0,"2":0,"3":0,"4":0,"5":0,"6":0,"7":0,"8":0},"f":{"0":0},"b":{"0":[0],"1":[0,0,0,0,0,0]}}
,"C:\\Users\\Antoni Łubisz\\Desktop\\#\\portfolio_projects\\expensify\\src\\routers\\AppRouter.js": {"path":"C:\\Users\\Antoni Łubisz\\Desktop\\#\\portfolio_projects\\expensify\\src\\routers\\AppRouter.js","statementMap":{"0":{"start":{"line":10,"column":18},"end":{"line":23,"column":1}},"1":{"start":{"line":11,"column":2},"end":{"line":22,"column":18}}},"fnMap":{"0":{"name":"(anonymous_0)","decl":{"start":{"line":10,"column":18},"end":{"line":10,"column":19}},"loc":{"start":{"line":11,"column":2},"end":{"line":22,"column":18}},"line":11}},"branchMap":{},"s":{"0":0,"1":0},"f":{"0":0},"b":{}}
,"C:\\Users\\Antoni Łubisz\\Desktop\\#\\portfolio_projects\\expensify\\src\\selectors\\expenses.js": {"path":"C:\\Users\\Antoni Łubisz\\Desktop\\#\\portfolio_projects\\expensify\\src\\selectors\\expenses.js","statementMap":{"0":{"start":{"line":4,"column":27},"end":{"line":27,"column":1}},"1":{"start":{"line":5,"column":2},"end":{"line":26,"column":7}},"2":{"start":{"line":7,"column":30},"end":{"line":7,"column":55}},"3":{"start":{"line":8,"column":29},"end":{"line":10,"column":14}},"4":{"start":{"line":11,"column":27},"end":{"line":13,"column":14}},"5":{"start":{"line":14,"column":24},"end":{"line":16,"column":37}},"6":{"start":{"line":18,"column":6},"end":{"line":18,"column":57}},"7":{"start":{"line":21,"column":6},"end":{"line":25,"column":7}},"8":{"start":{"line":22,"column":8},"end":{"line":22,"column":50}},"9":{"start":{"line":23,"column":13},"end":{"line":25,"column":7}},"10":{"start":{"line":24,"column":8},"end":{"line":24,"column":44}}},"fnMap":{"0":{"name":"(anonymous_0)","decl":{"start":{"line":4,"column":27},"end":{"line":4,"column":28}},"loc":{"start":{"line":4,"column":79},"end":{"line":27,"column":1}},"line":4},"1":{"name":"(anonymous_1)","decl":{"start":{"line":6,"column":12},"end":{"line":6,"column":13}},"loc":{"start":{"line":6,"column":25},"end":{"line":19,"column":5}},"line":6},"2":{"name":"(anonymous_2)","decl":{"start":{"line":20,"column":10},"end":{"line":20,"column":11}},"loc":{"start":{"line":20,"column":20},"end":{"line":26,"column":5}},"line":20}},"branchMap":{"0":{"loc":{"start":{"line":8,"column":29},"end":{"line":10,"column":14}},"type":"cond-expr","locations":[{"start":{"line":9,"column":10},"end":{"line":9,"column":58}},{"start":{"line":10,"column":10},"end":{"line":10,"column":14}}],"line":8},"1":{"loc":{"start":{"line":11,"column":27},"end":{"line":13,"column":14}},"type":"cond-expr","locations":[{"start":{"line":12,"column":10},"end":{"line":12,"column":55}},{"start":{"line":13,"column":10},"end":{"line":13,"column":14}}],"line":11},"2":{"loc":{"start":{"line":18,"column":13},"end":{"line":18,"column":56}},"type":"binary-expr","locations":[{"start":{"line":18,"column":13},"end":{"line":18,"column":27}},{"start":{"line":18,"column":31},"end":{"line":18,"column":43}},{"start":{"line":18,"column":47},"end":{"line":18,"column":56}}],"line":18},"3":{"loc":{"start":{"line":21,"column":6},"end":{"line":25,"column":7}},"type":"if","locations":[{"start":{"line":21,"column":6},"end":{"line":25,"column":7}},{"start":{"line":23,"column":13},"end":{"line":25,"column":7}}],"line":21},"4":{"loc":{"start":{"line":22,"column":15},"end":{"line":22,"column":49}},"type":"cond-expr","locations":[{"start":{"line":22,"column":43},"end":{"line":22,"column":44}},{"start":{"line":22,"column":47},"end":{"line":22,"column":49}}],"line":22},"5":{"loc":{"start":{"line":23,"column":13},"end":{"line":25,"column":7}},"type":"if","locations":[{"start":{"line":23,"column":13},"end":{"line":25,"column":7}},{"start":{},"end":{}}],"line":23},"6":{"loc":{"start":{"line":24,"column":15},"end":{"line":24,"column":43}},"type":"cond-expr","locations":[{"start":{"line":24,"column":37},"end":{"line":24,"column":38}},{"start":{"line":24,"column":41},"end":{"line":24,"column":43}}],"line":24}},"s":{"0":0,"1":0,"2":0,"3":0,"4":0,"5":0,"6":0,"7":0,"8":0,"9":0,"10":0},"f":{"0":0,"1":0,"2":0},"b":{"0":[0,0],"1":[0,0],"2":[0,0,0],"3":[0,0],"4":[0,0],"5":[0,0],"6":[0,0]}}
,"C:\\Users\\Antoni Łubisz\\Desktop\\#\\portfolio_projects\\expensify\\src\\store\\configureStore.js": {"path":"C:\\Users\\Antoni Łubisz\\Desktop\\#\\portfolio_projects\\expensify\\src\\store\\configureStore.js","statementMap":{"0":{"start":{"line":7,"column":16},"end":{"line":13,"column":3}},"1":{"start":{"line":15,"column":2},"end":{"line":15,"column":15}}},"fnMap":{"0":{"name":"(anonymous_0)","decl":{"start":{"line":5,"column":15},"end":{"line":5,"column":16}},"loc":{"start":{"line":5,"column":21},"end":{"line":16,"column":1}},"line":5}},"branchMap":{"0":{"loc":{"start":{"line":12,"column":4},"end":{"line":12,"column":80}},"type":"binary-expr","locations":[{"start":{"line":12,"column":4},"end":{"line":12,"column":39}},{"start":{"line":12,"column":43},"end":{"line":12,"column":80}}],"line":12}},"s":{"0":0,"1":0},"f":{"0":0},"b":{"0":[0,0]}}
}
